<?xml version="1.0" encoding="UTF-8"?>
<!-- Generated by org.testng.reporters.JUnitXMLReporter -->
<testsuite hostname="LAPTOP-50R24AM0" ignored="3" name="Scenario 2- Firefox" tests="1" failures="1" timestamp="2020-07-22T00:45:38 IST" time="0.079" errors="0">
  <testcase name="@AfterMethod closeBrowser" time="0.0" classname="tests.BaseClass">
    <failure type="java.lang.NullPointerException">
      <![CDATA[java.lang.NullPointerException
at tests.BaseClass.closeBrowser(BaseClass.java:44)
at java.util.ArrayList.forEach(ArrayList.java:1257)
at java.util.concurrent.FutureTask.run(FutureTask.java:266)
at java.util.concurrent.ThreadPoolExecutor.runWorker(ThreadPoolExecutor.java:1149)
at java.util.concurrent.ThreadPoolExecutor$Worker.run(ThreadPoolExecutor.java:624)
at java.lang.Thread.run(Thread.java:748)
... Removed 23 stack frames]]>
    </failure>
  </testcase> <!-- @AfterMethod closeBrowser -->
  <testcase name="googleSearch" time="0.016" classname="tests.tests">
    <failure type="java.lang.NullPointerException">
      <![CDATA[java.lang.NullPointerException
at tests.tests.googleSearch(tests.java:48)
at java.util.ArrayList.forEach(ArrayList.java:1257)
at java.util.concurrent.FutureTask.run(FutureTask.java:266)
at java.util.concurrent.ThreadPoolExecutor.runWorker(ThreadPoolExecutor.java:1149)
at java.util.concurrent.ThreadPoolExecutor$Worker.run(ThreadPoolExecutor.java:624)
at java.lang.Thread.run(Thread.java:748)
... Removed 18 stack frames]]>
    </failure>
  </testcase> <!-- googleSearch -->
  <testcase name="googleBrokenLink" time="0.0" classname="tests.tests">
    <ignored/>
  </testcase> <!-- googleBrokenLink -->
  <testcase name="checkDisabled" time="0.0" classname="tests.tests">
    <ignored/>
  </testcase> <!-- checkDisabled -->
  <testcase name="checkLanguages" time="0.0" classname="tests.tests">
    <ignored/>
  </testcase> <!-- checkLanguages -->
</testsuite> <!-- Scenario 2- Firefox -->
