<?xml version="1.0" encoding="UTF-8"?>
<!-- Generated by org.testng.reporters.JUnitXMLReporter -->
<testsuite hostname="LAPTOP-50R24AM0" ignored="1" name="Scenario 1-Chrome" tests="3" failures="0" timestamp="2020-07-22T00:46:19 IST" time="40.4" errors="0">
  <testcase name="@AfterMethod closeBrowser" time="0.0" classname="tests.BaseClass">
    <failure type="java.lang.NullPointerException">
      <![CDATA[java.lang.NullPointerException
at tests.BaseClass.closeBrowser(BaseClass.java:44)
at java.util.ArrayList.forEach(ArrayList.java:1257)
at java.util.concurrent.FutureTask.run(FutureTask.java:266)
at java.util.concurrent.ThreadPoolExecutor.runWorker(ThreadPoolExecutor.java:1149)
at java.util.concurrent.ThreadPoolExecutor$Worker.run(ThreadPoolExecutor.java:624)
at java.lang.Thread.run(Thread.java:748)
... Removed 23 stack frames]]>
    </failure>
  </testcase> <!-- @AfterMethod closeBrowser -->
  <testcase name="googleSearch" time="6.341" classname="tests.tests"/>
  <testcase name="googleBrokenLink" time="7.079" classname="tests.tests"/>
  <testcase name="checkLanguages" time="0.002" classname="tests.tests"/>
  <testcase name="checkDisabled" time="0.0" classname="tests.tests">
    <ignored/>
  </testcase> <!-- checkDisabled -->
</testsuite> <!-- Scenario 1-Chrome -->
